4831	124	285.933	102.061	20.668	31.314	31.314	38.035	6.721	598.4	741.8	75.3
4831	124	286.048	102.106	20.670	31.308	31.308	38.029	6.721	598.1	741.7	75.2
4831	124	286.087	102.137	20.678	31.303	31.303	38.024	6.721	598.0	741.7	74.9
4831	124	285.930	102.100	20.688	31.305	31.305	38.025	6.719	598.0	741.6	74.6
4831	124	285.881	102.092	20.693	31.305	31.305	38.026	6.720	598.0	741.5	74.5
4831	124	285.898	102.109	20.698	31.302	31.302	38.024	6.722	598.0	741.4	74.3
4831	124	285.795	102.082	20.703	31.305	31.305	38.025	6.721	597.9	741.3	74.1
4831	124	285.845	102.108	20.707	31.301	31.301	38.021	6.720	597.9	741.2	74.0
4831	124	285.762	102.072	20.704	31.306	31.306	38.027	6.721	597.9	741.1	74.1
4831	124	286.165	102.225	20.708	31.287	31.287	38.008	6.721	597.5	741.0	74.0
4831	124	285.869	102.139	20.718	31.295	31.295	38.015	6.720	597.6	740.9	73.7
4831	124	285.970	102.181	20.721	31.290	31.290	38.009	6.719	597.4	740.9	73.6
4831	124	285.865	102.162	20.730	31.290	31.290	38.010	6.720	597.4	740.7	73.3
4831	124	285.721	102.117	20.734	31.295	31.295	38.014	6.719	597.4	740.6	73.1
4831	124	285.686	102.114	20.738	31.294	31.294	38.014	6.720	597.3	740.5	73.0
4831	124	285.690	102.125	20.743	31.292	31.292	38.012	6.720	597.2	740.5	72.8
4831	124	285.746	102.150	20.745	31.289	31.289	38.008	6.719	597.1	740.4	72.8
4831	124	285.794	102.171	20.747	31.286	31.286	38.006	6.720	597.0	740.2	72.7
4831	124	285.548	102.104	20.758	31.292	31.292	38.013	6.721	597.1	740.2	72.4
4831	124	285.657	102.142	20.757	31.287	31.287	38.006	6.719	597.0	740.1	72.4
4831	124	285.662	102.135	20.753	31.289	31.289	38.007	6.718	597.0	740.0	72.5
4831	124	285.656	102.143	20.758	31.287	31.287	38.006	6.719	597.0	740.0	72.3
4831	124	285.851	102.214	20.758	31.279	31.279	37.997	6.718	596.6	739.9	72.3
4831	124	285.750	102.190	20.765	31.280	31.280	37.999	6.718	596.7	739.8	72.1
4831	124	285.764	102.165	20.750	31.286	31.286	38.002	6.716	596.9	739.8	72.6
4831	124	286.107	102.289	20.751	31.271	31.271	37.990	6.718	596.4	739.7	72.6
4831	124	286.005	102.288	20.768	31.268	31.268	37.988	6.720	596.5	739.6	72.0
4831	124	285.844	102.216	20.761	31.278	31.278	37.994	6.716	596.5	739.6	72.3
4831	124	286.022	102.280	20.761	31.270	31.270	37.989	6.718	596.4	739.5	72.2
4831	124	285.873	102.251	20.773	31.272	31.272	37.988	6.717	596.4	739.5	71.9
4831	124	285.788	102.235	20.780	31.272	31.272	37.990	6.718	596.4	739.4	71.6
4831	124	285.667	102.202	20.785	31.275	31.275	37.992	6.717	596.5	739.4	71.5
4831	124	285.656	102.186	20.780	31.278	31.278	37.994	6.716	596.4	739.3	71.6
4831	124	285.549	102.116	20.764	31.289	31.289	38.004	6.715	596.6	739.2	72.2
4831	124	286.751	102.505	20.743	31.247	31.247	37.965	6.718	595.7	739.2	72.8
4831	124	286.468	102.446	20.764	31.250	31.250	37.968	6.717	595.8	739.2	72.1
4831	124	286.438	102.451	20.772	31.248	31.248	37.964	6.715	595.6	739.1	71.9
4831	124	286.057	102.347	20.788	31.258	31.258	37.974	6.717	595.8	739.1	71.4
4831	124	286.029	102.349	20.794	31.256	31.256	37.972	6.716	595.8	739.0	71.2
4831	124	285.785	102.278	20.802	31.263	31.263	37.977	6.714	595.9	739.0	70.9
4831	124	285.973	102.336	20.798	31.257	31.257	37.972	6.715	596.0	738.9	71.1
4831	124	285.957	102.335	20.800	31.257	31.257	37.972	6.715	596.0	738.9	71.0
4831	124	285.835	102.314	20.811	31.257	31.257	37.973	6.716	596.0	738.9	70.6
4831	124	285.812	102.305	20.811	31.258	31.258	37.972	6.714	596.0	738.8	70.6
4831	124	285.786	102.312	20.819	31.256	31.256	37.971	6.715	595.9	738.7	70.4
4831	124	285.785	102.306	20.816	31.257	31.257	37.971	6.713	595.9	738.7	70.5
4831	124	285.793	102.324	20.823	31.254	31.254	37.968	6.714	595.8	738.6	70.2
4831	124	285.702	102.300	20.828	31.256	31.256	37.969	6.713	595.9	738.6	70.1
4831	124	286.420	102.502	20.800	31.237	31.237	37.951	6.714	595.3	738.5	71.0
4831	124	286.438	102.511	20.802	31.236	31.236	37.950	6.715	595.2	738.5	70.9
4831	124	286.397	102.504	20.806	31.236	31.236	37.950	6.714	595.3	738.4	70.8
4831	124	286.364	102.521	20.820	31.231	31.231	37.944	6.712	595.0	738.4	70.3
4831	124	286.076	102.442	20.832	31.238	31.238	37.951	6.712	595.2	738.4	69.9
4831	124	286.076	102.461	20.841	31.234	31.234	37.948	6.714	595.2	738.3	69.6
4831	124	285.923	102.420	20.848	31.238	31.238	37.952	6.714	595.3	738.2	69.4
4831	124	286.107	102.461	20.836	31.235	31.235	37.949	6.714	595.2	738.1	69.8
4831	124	286.339	102.532	20.830	31.228	31.228	37.940	6.712	594.9	738.1	70.0
4831	124	286.370	102.555	20.836	31.224	31.224	37.938	6.713	594.9	738.1	69.8
4831	124	286.285	102.533	20.840	31.226	31.226	37.938	6.712	594.8	738.0	69.7
4831	124	285.903	102.433	20.858	31.234	31.234	37.946	6.711	595.0	737.9	69.1
4831	124	285.884	102.424	20.857	31.236	31.236	37.948	6.713	595.1	737.9	69.1
4831	124	285.973	102.446	20.852	31.234	31.234	37.945	6.711	595.0	737.9	69.3
4831	124	286.030	102.468	20.853	31.231	31.231	37.942	6.710	595.0	737.9	69.3
4831	124	285.845	102.432	20.868	31.233	31.233	37.943	6.710	594.9	737.8	68.8
4831	124	285.792	102.433	20.878	31.231	31.231	37.942	6.711	595.0	737.8	68.4
4831	124	285.752	102.427	20.882	31.231	31.231	37.942	6.712	595.0	737.7	68.3
4831	124	285.709	102.418	20.885	31.231	31.231	37.943	6.712	595.0	737.7	68.2
4831	124	285.663	102.410	20.889	31.231	31.231	37.942	6.711	594.9	737.7	68.1
4831	124	285.573	102.385	20.893	31.233	31.233	37.946	6.712	594.9	737.6	67.9
4831	124	285.421	102.335	20.895	31.239	31.239	37.951	6.712	595.1	737.6	67.9
4831	124	285.758	102.466	20.900	31.223	31.223	37.935	6.712	594.7	737.5	67.7
4831	124	285.721	102.454	20.901	31.224	31.224	37.935	6.711	594.7	737.5	67.7
4831	124	285.872	102.508	20.901	31.218	31.218	37.930	6.712	594.5	737.5	67.7
4831	124	285.613	102.427	20.907	31.226	31.226	37.937	6.711	594.7	737.4	67.5
4831	124	286.225	102.596	20.882	31.211	31.211	37.921	6.711	594.3	737.3	68.3
4831	124	286.587	102.720	20.879	31.197	31.197	37.909	6.712	593.9	737.3	68.4
4831	124	286.539	102.712	20.884	31.197	31.197	37.907	6.710	593.8	737.3	68.2
4831	124	286.491	102.726	20.899	31.192	31.192	37.902	6.709	593.8	737.2	67.7
4831	124	286.631	102.772	20.897	31.187	31.187	37.899	6.711	593.7	737.2	67.8
4831	124	286.390	102.720	20.914	31.190	31.190	37.900	6.710	593.6	737.1	67.3
4831	124	286.384	102.737	20.923	31.187	31.187	37.896	6.710	593.6	737.1	67.0
4831	124	286.177	102.676	20.930	31.193	31.193	37.901	6.709	593.6	737.1	66.7
4831	124	286.367	102.738	20.927	31.186	31.186	37.894	6.708	593.5	737.1	66.8
4831	124	286.450	102.784	20.935	31.179	31.179	37.891	6.712	593.5	737.0	66.6
4831	124	286.359	102.759	20.939	31.181	31.181	37.890	6.708	593.5	737.0	66.5
4831	124	286.288	102.747	20.945	31.182	31.182	37.891	6.709	593.5	736.8	66.2
4831	124	286.359	102.778	20.948	31.177	31.177	37.887	6.710	593.2	736.8	66.1
4831	124	286.228	102.740	20.952	31.181	31.181	37.889	6.708	593.2	736.8	66.0
4831	124	286.591	102.865	20.950	31.167	31.167	37.877	6.710	593.1	736.8	66.1
4831	124	286.500	102.851	20.959	31.167	31.167	37.876	6.709	593.0	736.8	65.8
4831	124	286.532	102.868	20.962	31.164	31.164	37.874	6.709	592.9	736.7	65.7
4831	124	286.396	102.827	20.966	31.168	31.168	37.875	6.707	592.9	736.7	65.6
4831	124	286.458	102.858	20.970	31.164	31.164	37.873	6.709	592.9	736.7	65.4
4831	124	286.314	102.812	20.973	31.169	31.169	37.876	6.707	593.0	736.6	65.3
4831	124	286.569	102.893	20.968	31.160	31.160	37.870	6.710	592.8	736.6	65.5
4831	124	286.629	102.919	20.970	31.157	31.157	37.864	6.707	592.8	736.6	65.4
4831	124	286.589	102.908	20.972	31.158	31.158	37.867	6.709	592.7	736.4	65.4
4831	124	286.495	102.894	20.982	31.158	31.158	37.865	6.707	592.7	736.4	65.1
4831	124	286.789	102.969	20.966	31.152	31.152	37.860	6.709	592.5	736.4	65.6
4831	124	286.648	102.954	20.984	31.150	31.150	37.857	6.706	592.4	736.4	65.0
4831	124	286.558	102.932	20.989	31.152	31.152	37.859	6.707	592.5	736.4	64.8
4831	124	286.601	102.935	20.983	31.153	31.153	37.861	6.708	592.4	736.4	65.0
4831	124	286.842	103.017	20.981	31.143	31.143	37.851	6.708	592.2	736.3	65.1
4831	124	286.805	103.029	20.993	31.140	31.140	37.849	6.709	592.3	736.3	64.7
4831	124	286.674	102.989	20.997	31.144	31.144	37.852	6.708	592.3	736.3	64.6
4831	124	286.791	103.017	20.990	31.142	31.142	37.849	6.707	592.2	736.3	64.8
4831	124	286.703	102.997	20.996	31.143	31.143	37.851	6.708	592.2	736.3	64.6
4831	124	286.748	103.030	21.004	31.138	31.138	37.844	6.707	592.2	736.2	64.3
4831	124	286.716	103.028	21.009	31.137	31.137	37.844	6.707	592.1	736.2	64.2
4831	124	286.637	103.007	21.012	31.139	31.139	37.845	6.706	592.2	736.1	64.1
4831	124	286.556	102.985	21.016	31.141	31.141	37.905	6.765	592.2	736.1	63.9
4831	124	286.520	102.971	21.015	31.142	31.142	37.906	6.764	592.2	736.1	64.0
4831	124	286.781	103.033	20.999	31.138	31.138	37.845	6.707	592.1	736.0	64.5
4831	124	287.190	103.184	21.001	31.120	31.120	37.827	6.707	591.6	736.0	64.4
4831	124	286.935	103.114	21.012	31.126	31.126	37.832	6.705	591.7	736.0	64.1
4831	124	286.989	103.142	21.016	31.122	31.122	37.886	6.764	591.8	736.0	63.9
4831	124	286.866	103.107	21.021	31.125	31.125	37.887	6.761	591.7	735.9	63.8
4831	124	286.978	103.163	21.029	31.118	31.118	37.881	6.764	591.6	735.9	63.5
4831	124	286.852	103.127	21.033	31.121	31.121	37.883	6.763	591.6	735.8	63.4
4831	124	286.702	103.080	21.037	31.126	31.126	37.888	6.763	591.7	735.8	63.3
4831	124	286.608	103.053	21.040	31.128	31.128	37.889	6.761	591.8	735.8	63.1
4831	124	286.603	103.057	21.043	31.127	31.127	37.889	6.762	591.8	735.7	63.1
4831	124	286.534	103.036	21.045	31.129	31.129	37.891	6.762	591.8	735.7	63.0
4831	124	286.669	103.094	21.049	31.122	31.122	37.884	6.762	591.8	735.7	62.8
4831	124	286.394	103.005	21.054	31.131	31.131	37.894	6.763	591.9	735.6	62.7
4831	124	286.589	103.073	21.053	31.124	31.124	37.887	6.763	591.7	735.5	62.7
4831	124	287.068	103.194	21.028	31.114	31.114	37.878	6.764	591.4	735.5	63.5
4831	124	287.106	103.225	21.037	31.109	31.109	37.872	6.763	591.2	735.5	63.3
4831	124	287.065	103.232	21.047	31.106	31.106	37.869	6.763	591.3	735.5	62.9
4831	124	286.803	103.156	21.057	31.113	31.113	37.875	6.762	591.3	735.5	62.6
4831	124	286.848	103.166	21.054	31.113	31.113	37.873	6.760	591.4	735.5	62.7
4831	124	286.820	103.172	21.061	31.110	31.110	37.874	6.763	591.3	735.5	62.5
4831	124	286.883	103.187	21.058	31.109	31.109	37.871	6.762	591.3	735.5	62.6
4831	124	286.973	103.221	21.058	31.105	31.105	37.867	6.761	591.2	735.5	62.5
4831	124	287.414	103.352	21.044	31.093	31.093	37.854	6.762	591.0	735.4	63.0
4831	124	287.123	103.278	21.060	31.098	31.098	37.858	6.760	591.0	735.4	62.5
4831	124	286.823	103.188	21.069	31.107	31.107	37.871	6.764	591.3	735.3	62.2
4831	124	286.942	103.211	21.059	31.106	31.106	37.866	6.760	591.2	735.4	62.5
4831	124	287.293	103.330	21.055	31.093	31.093	37.854	6.761	590.9	735.3	62.6
4831	124	286.924	103.228	21.070	31.102	31.102	37.864	6.762	591.1	735.3	62.2
4831	124	286.901	103.225	21.073	31.102	31.102	37.863	6.761	591.1	735.3	62.1
4831	124	286.705	103.162	21.077	31.109	31.109	37.868	6.759	591.2	735.3	62.0
4831	124	287.110	103.273	21.059	31.099	31.099	37.858	6.759	591.0	735.2	62.5
4831	124	287.096	103.304	21.078	31.092	31.092	37.853	6.761	590.9	735.3	61.9
4831	124	286.781	103.201	21.083	31.103	31.103	37.863	6.760	591.2	735.3	61.8
4831	124	286.737	103.191	21.086	31.104	31.104	37.864	6.760	591.3	735.2	61.7
4831	124	286.736	103.199	21.089	31.102	31.102	37.863	6.761	591.3	735.2	61.5
4831	124	286.617	103.166	21.095	31.105	31.105	37.866	6.761	591.4	735.2	61.4
4831	124	286.506	103.132	21.097	31.109	31.109	37.869	6.760	591.5	735.2	61.3
4831	124	286.678	103.179	21.090	31.104	31.104	37.864	6.760	591.3	735.1	61.5
4831	124	286.899	103.247	21.084	31.098	31.098	37.857	6.760	591.2	735.1	61.7
4831	124	286.947	103.277	21.091	31.093	31.093	37.853	6.760	591.1	735.1	61.5
4831	124	286.657	103.195	21.101	31.100	31.100	37.859	6.759	591.2	735.1	61.1
4831	124	286.605	103.186	21.107	31.100	31.100	37.860	6.759	591.2	735.0	61.0
4831	124	286.617	103.199	21.111	31.098	31.098	37.858	6.760	591.3	735.0	60.8
4831	124	286.481	103.154	21.113	31.103	31.103	37.862	6.759	591.4	735.0	60.8
4831	124	286.594	103.201	21.116	31.097	31.097	37.856	6.759	591.2	735.1	60.7
4831	124	286.572	103.198	21.118	31.097	31.097	37.856	6.759	591.1	735.0	60.6
4831	124	286.468	103.164	21.120	31.101	31.101	37.860	6.759	591.2	735.0	60.6
4831	124	286.455	103.164	21.122	31.100	31.100	37.860	6.760	591.2	734.9	60.5
4831	124	286.550	103.194	21.120	31.097	31.097	37.857	6.760	591.2	734.9	60.5
4831	124	286.814	103.247	21.099	31.095	31.095	37.852	6.757	591.1	734.9	61.2
4831	124	287.048	103.341	21.104	31.083	31.083	37.840	6.757	590.9	734.9	61.1
4831	124	286.947	103.315	21.109	31.085	31.085	37.844	6.759	590.8	734.9	60.9
4831	124	286.701	103.259	21.125	31.089	31.089	37.848	6.759	591.1	734.9	60.4
4831	124	286.560	103.212	21.127	31.094	31.094	37.854	6.760	591.1	734.8	60.3
4831	124	286.400	103.163	21.132	31.098	31.098	37.856	6.758	591.2	734.9	60.2
4831	124	286.446	103.184	21.134	31.096	31.096	37.855	6.759	591.2	734.8	60.1
4831	124	286.403	103.168	21.133	31.098	31.098	37.856	6.759	591.3	734.8	60.1
4831	124	286.773	103.260	21.113	31.091	31.091	37.850	6.759	591.1	734.8	60.8
4831	124	286.527	103.209	21.132	31.093	31.093	37.851	6.758	591.1	734.8	60.2
4831	124	286.363	103.163	21.138	31.097	31.097	37.856	6.759	591.1	734.8	59.9
4831	124	286.331	103.161	21.143	31.097	31.097	37.852	6.756	591.2	734.7	59.8
4831	124	286.359	103.174	21.144	31.095	31.095	37.853	6.758	591.2	734.7	59.8
4831	124	286.157	103.103	21.145	31.103	31.103	37.861	6.758	591.3	734.7	59.7
4831	124	286.694	103.276	21.135	31.085	31.085	37.841	6.756	590.9	734.7	60.1
4831	124	286.552	103.241	21.143	31.087	31.087	37.845	6.758	591.0	734.7	59.8
4831	124	286.553	103.233	21.139	31.089	31.089	37.845	6.756	591.0	734.6	59.9
4831	124	286.703	103.286	21.139	31.083	31.083	37.841	6.758	590.9	734.6	59.9
4831	124	286.715	103.290	21.138	31.083	31.083	37.839	6.757	590.9	734.6	59.9
4831	124	286.518	103.243	21.150	31.086	31.086	37.843	6.757	590.9	734.6	59.6
4831	124	286.517	103.241	21.149	31.086	31.086	37.843	6.757	590.9	734.7	59.6
4831	124	286.666	103.276	21.140	31.084	31.084	37.841	6.757	591.0	734.6	59.9
4831	124	286.527	103.246	21.150	31.085	31.085	37.843	6.758	590.9	734.6	59.6
4831	124	286.486	103.240	21.154	31.085	31.085	37.842	6.757	591.0	734.6	59.4
4831	124	286.618	103.285	21.153	31.080	31.080	37.838	6.757	590.8	734.6	59.5
4831	124	286.398	103.218	21.159	31.087	31.087	37.843	6.756	591.0	734.6	59.3
4831	124	286.488	103.250	21.159	31.083	31.083	37.840	6.757	590.9	734.6	59.3
4831	124	286.791	103.333	21.146	31.076	31.076	37.833	6.757	590.7	734.5	59.7
4831	124	287.024	103.388	21.132	31.072	31.072	37.828	6.755	590.6	734.6	60.2
4831	124	286.693	103.309	21.152	31.078	31.078	37.834	6.756	590.7	734.5	59.5
4831	124	286.689	103.309	21.152	31.078	31.078	37.833	6.756	590.9	734.6	59.5
4831	124	286.654	103.318	21.163	31.075	31.075	37.829	6.754	590.8	734.7	59.1
4831	124	286.625	103.309	21.164	31.076	31.076	37.830	6.755	590.8	734.7	59.1
4831	124	286.551	103.283	21.164	31.079	31.079	37.835	6.756	590.9	734.6	59.1
4831	124	286.347	103.219	21.169	31.085	31.085	37.840	6.754	590.9	734.6	59.0
4831	124	286.294	103.201	21.169	31.087	31.087	37.843	6.756	591.0	734.5	58.9
4831	124	286.441	103.254	21.169	31.081	31.081	37.836	6.755	591.1	734.6	58.9
4831	124	286.475	103.273	21.172	31.078	31.078	37.834	6.756	590.9	734.6	58.8
4831	124	286.464	103.262	21.169	31.080	31.080	37.836	6.756	591.0	734.5	59.0
4831	124	286.841	103.368	21.154	31.071	31.071	37.827	6.757	590.7	734.5	59.4
4831	124	286.606	103.322	21.174	31.072	31.072	37.827	6.755	590.8	734.5	58.8
4831	124	286.432	103.254	21.171	31.081	31.081	37.836	6.755	591.0	734.5	58.9
4831	124	286.588	103.318	21.175	31.073	31.073	37.827	6.754	590.9	734.5	58.8
4831	124	286.619	103.316	21.168	31.074	31.074	37.829	6.755	590.8	734.5	59.0
4831	124	286.659	103.345	21.175	31.069	31.069	37.825	6.755	590.8	734.5	58.7
4831	124	286.368	103.239	21.175	31.082	31.082	37.836	6.754	590.9	734.4	58.7
4831	124	286.597	103.321	21.174	31.072	31.072	37.826	6.753	590.8	734.4	58.8
4831	124	286.593	103.318	21.174	31.073	31.073	37.827	6.754	590.9	734.5	58.8
4831	124	286.604	103.339	21.182	31.069	31.069	37.823	6.754	590.7	734.4	58.5
4831	124	286.527	103.306	21.180	31.073	31.073	37.827	6.754	590.8	734.5	58.6
4831	124	286.440	103.290	21.187	31.074	31.074	37.827	6.753	591.0	734.5	58.4
4831	124	286.365	103.258	21.185	31.078	31.078	37.831	6.753	590.9	734.4	58.4
4831	124	286.421	103.288	21.190	31.073	31.073	37.826	6.753	590.8	734.4	58.3
4831	124	286.486	103.310	21.189	31.071	31.071	37.824	6.753	590.8	734.4	58.3
4831	124	286.679	103.365	21.182	31.066	31.066	37.820	6.754	590.7	734.4	58.5
4831	124	286.434	103.296	21.191	31.072	31.072	37.826	6.754	590.7	734.3	58.2
4831	124	286.449	103.296	21.189	31.073	31.073	37.827	6.755	590.8	734.2	58.3
4831	124	286.524	103.331	21.193	31.068	31.068	37.821	6.753	590.8	734.3	58.2
4831	124	286.408	103.291	21.194	31.072	31.072	37.825	6.753	590.8	734.3	58.1
4831	124	286.873	103.421	21.175	31.061	31.061	37.815	6.754	590.5	734.3	58.8
4831	124	286.797	103.431	21.193	31.056	31.056	37.809	6.753	590.5	734.2	58.2
4831	124	286.516	103.339	21.198	31.066	31.066	37.820	6.754	590.6	734.3	58.0
4831	124	286.749	103.393	21.183	31.062	31.062	37.815	6.753	590.6	734.2	58.5
4831	124	286.923	103.437	21.174	31.059	31.059	37.810	6.751	590.4	734.3	58.8
4831	124	286.777	103.423	21.193	31.057	31.057	37.810	6.753	590.4	734.2	58.2
4831	124	286.478	103.333	21.202	31.066	31.066	37.817	6.751	590.6	734.1	57.9
4831	124	286.524	103.355	21.205	31.063	31.063	37.816	6.753	590.6	734.2	57.8
4831	124	286.498	103.332	21.198	31.067	31.067	37.819	6.753	590.7	734.1	58.0
4831	124	286.478	103.332	21.201	31.066	31.066	37.818	6.752	590.6	734.1	57.9
4831	124	286.387	103.309	21.206	31.068	31.068	37.820	6.752	590.7	734.1	57.7
4831	124	286.372	103.312	21.210	31.067	31.067	37.818	6.751	590.6	734.2	57.6
4831	124	286.441	103.330	21.207	31.065	31.065	37.817	6.752	590.6	734.0	57.7
4831	124	286.774	103.429	21.197	31.056	31.056	37.809	6.753	590.5	734.1	58.0
4831	124	286.394	103.319	21.210	31.066	31.066	37.818	6.752	590.5	734.0	57.6
4831	124	286.569	103.346	21.192	31.066	31.066	37.819	6.752	590.6	734.1	58.2
4831	124	286.965	103.490	21.192	31.049	31.049	37.803	6.753	590.2	734.1	58.2
4831	124	286.661	103.412	21.208	31.056	31.056	37.807	6.751	590.3	734.1	57.7
4831	124	286.514	103.365	21.211	31.060	31.060	37.811	6.751	590.4	734.0	57.6
4831	124	286.945	103.460	21.181	31.055	31.055	37.807	6.752	590.3	734.0	58.5
4831	124	287.052	103.487	21.176	31.053	31.053	37.803	6.750	590.1	734.1	58.7
4831	124	287.243	103.562	21.179	31.044	31.044	37.795	6.752	590.0	734.0	58.6
4831	124	286.831	103.460	21.202	31.051	31.051	37.803	6.752	590.1	734.0	57.9
4831	124	286.576	103.383	21.209	31.059	31.059	37.810	6.751	590.3	734.0	57.6
4831	124	286.578	103.379	21.207	31.060	31.060	37.810	6.751	590.3	733.9	57.7
4831	124	286.917	103.469	21.191	31.052	31.052	37.804	6.752	590.2	733.9	58.2
4831	124	286.734	103.430	21.204	31.054	31.054	37.803	6.748	590.2	734.0	57.8
4831	124	286.527	103.369	21.211	31.060	31.060	37.808	6.748	590.3	734.0	57.6
4831	124	286.898	103.477	21.198	31.050	31.050	37.802	6.752	590.2	733.9	58.0
4831	124	286.563	103.391	21.215	31.057	31.057	37.806	6.750	590.3	734.0	57.4
4831	124	286.549	103.386	21.215	31.057	31.057	37.806	6.748	590.3	733.9	57.4
4831	124	286.437	103.354	21.220	31.060	31.060	37.809	6.749	590.3	733.9	57.3
4831	124	286.416	103.345	21.219	31.061	31.061	37.811	6.750	590.4	733.9	57.3
4831	124	286.278	103.303	21.223	31.066	31.066	37.815	6.750	590.5	733.9	57.2
4831	124	286.383	103.347	21.226	31.060	31.060	37.810	6.750	590.5	733.9	57.1
4831	124	286.177	103.277	21.228	31.068	31.068	37.816	6.749	590.6	733.9	57.0
4831	124	286.299	103.314	21.224	31.064	31.064	37.812	6.749	590.5	733.8	57.1
4831	124	286.228	103.301	21.230	31.064	31.064	37.814	6.750	590.5	733.9	56.9
4831	124	286.161	103.282	21.233	31.066	31.066	37.814	6.748	590.5	733.9	56.9
4831	124	286.275	103.322	21.232	31.062	31.062	37.810	6.749	590.4	733.8	56.9
4831	124	286.272	103.324	21.234	31.061	31.061	37.809	6.748	590.3	733.8	56.8
4831	124	286.343	103.342	21.230	31.060	31.060	37.807	6.747	590.3	733.8	56.9
4831	124	286.205	103.307	21.238	31.062	31.062	37.809	6.746	590.3	733.8	56.7
4831	124	286.217	103.313	21.238	31.062	31.062	37.809	6.748	590.4	733.8	56.7
4831	124	286.336	103.363	21.242	31.055	31.055	37.805	6.750	590.4	733.9	56.6
4831	124	286.178	103.304	21.241	31.062	31.062	37.809	6.747	590.4	733.8	56.6
4831	124	286.207	103.319	21.243	31.060	31.060	37.808	6.748	590.4	733.8	56.5
4831	124	286.142	103.288	21.240	31.064	31.064	37.812	6.748	590.3	733.7	56.6
4831	124	286.295	103.351	21.243	31.056	31.056	37.803	6.747	590.4	733.8	56.5
4831	124	286.179	103.317	21.247	31.059	31.059	37.808	6.749	590.4	733.7	56.4
4831	124	286.258	103.351	21.250	31.055	31.055	37.805	6.750	590.4	733.8	56.3
4831	124	286.143	103.307	21.249	31.060	31.060	37.808	6.748	590.3	733.6	56.3
4831	124	286.219	103.344	21.254	31.055	31.055	37.805	6.750	590.3	733.7	56.2
4831	124	286.281	103.370	21.255	31.052	31.052	37.801	6.749	590.3	733.6	56.1
4831	124	286.256	103.339	21.244	31.057	31.057	37.805	6.748	590.2	733.6	56.5
4831	124	286.114	103.305	21.253	31.060	31.060	37.808	6.749	590.3	733.5	56.2
4831	124	286.044	103.290	21.258	31.061	31.061	37.809	6.748	590.4	733.6	56.0
4831	124	286.072	103.303	21.260	31.059	31.059	37.806	6.748	590.3	733.5	56.0
4831	124	286.317	103.389	21.258	31.049	31.049	37.797	6.748	590.1	733.5	56.0
4831	124	286.110	103.309	21.256	31.059	31.059	37.805	6.747	590.2	733.5	56.1
4831	124	286.238	103.366	21.261	31.051	31.051	37.800	6.748	590.2	733.5	56.0
4831	124	286.355	103.403	21.259	31.047	31.047	37.795	6.748	590.0	733.5	56.0
4831	124	286.171	103.357	21.269	31.051	31.051	37.799	6.748	590.2	733.5	55.7
4831	124	286.062	103.316	21.268	31.056	31.056	37.803	6.747	590.4	733.5	55.7
4831	124	286.223	103.375	21.268	31.049	31.049	37.797	6.748	590.2	733.4	55.7
4831	124	286.005	103.303	21.271	31.057	31.057	37.804	6.747	590.3	733.5	55.6
4831	124	286.186	103.353	21.264	31.052	31.052	37.802	6.750	590.2	733.5	55.9
4831	124	286.081	103.333	21.273	31.053	31.053	37.800	6.748	590.2	733.5	55.6
4831	124	286.021	103.315	21.274	31.055	31.055	37.803	6.749	590.3	733.4	55.5
4831	124	285.943	103.284	21.273	31.058	31.058	37.805	6.747	590.3	733.5	55.6
4831	124	286.050	103.318	21.271	31.055	31.055	37.802	6.747	590.2	733.5	55.6
4831	124	286.138	103.357	21.274	31.050	31.050	37.798	6.748	590.2	733.4	55.5
4831	124	286.014	103.317	21.277	31.054	31.054	37.799	6.745	590.3	733.4	55.4
4831	124	285.965	103.305	21.280	31.055	31.055	37.802	6.747	590.2	733.4	55.3
4831	124	286.103	103.344	21.274	31.051	31.051	37.797	6.746	590.2	733.4	55.5
4831	124	285.992	103.319	21.282	31.053	31.053	37.800	6.747	590.2	733.4	55.3
